<?xml version="1.0" encoding="UTF-8"?>
<!-- Generated by org.testng.reporters.JUnitXMLReporter -->
<testsuite hostname="Amar" ignored="1" name="Default test" tests="1" failures="0" timestamp="2022-04-08T15:18:46 IST" time="50.295" errors="0">
  <testcase name="deleteOrgTest" time="50.164" classname="com.VTiger.TC.TC001_CreateOrgWithDDTest"/>
  <testcase name="createorgwithDDTest" time="0.0" classname="com.VTiger.TC.TC001_CreateOrgWithDDTest">
    <ignored/>
  </testcase> <!-- createorgwithDDTest -->
</testsuite> <!-- Default test -->
