<?xml version="1.0" encoding="UTF-8"?>
<!-- Generated by org.testng.reporters.JUnitXMLReporter -->
<testsuite hostname="Amar" ignored="4" name="Test" tests="6" failures="2" timestamp="2022-04-11T17:57:13 IST" time="239.142" errors="0">
  <testcase name="createorgTest" time="13.208" classname="com.VTiger.TC.TC002_CreateOrgTest">
    <failure type="org.openqa.selenium.UnhandledAlertException" message="unexpected alert open: {Alert text : Organization Name Already Exists!}
  (Session info: chrome=100.0.4896.75): Organization Name Already Exists!
Build info: version: &amp;apos;4.1.2&amp;apos;, revision: &amp;apos;9a5a329c5a&amp;apos;
System info: host: &amp;apos;AMAR&amp;apos;, ip: &amp;apos;192.168.60.196&amp;apos;, os.name: &amp;apos;Windows 8.1&amp;apos;, os.arch: &amp;apos;amd64&amp;apos;, os.version: &amp;apos;6.3&amp;apos;, java.version: &amp;apos;1.8.0_172&amp;apos;
Driver info: org.openqa.selenium.chrome.ChromeDriver
Command: [9dc4bbd80c59ef94e7c85e94e4fe8dd5, findElement {using=xpath, value=//a[text()=&amp;apos;Organizations&amp;apos;]}]
Capabilities {acceptInsecureCerts: false, browserName: chrome, browserVersion: 100.0.4896.75, chrome: {chromedriverVersion: 100.0.4896.60 (6a5d10861ce8..., userDataDir: C:\Users\AMAR-G\AppData\Loc...}, goog:chromeOptions: {debuggerAddress: localhost:58587}, javascriptEnabled: true, networkConnectionEnabled: false, pageLoadStrategy: normal, platform: WINDOWS, platformName: WINDOWS, proxy: Proxy(), se:cdp: ws://localhost:58587/devtoo..., se:cdpVersion: 100.0.4896.75, setWindowRect: true, strictFileInteractability: false, timeouts: {implicit: 0, pageLoad: 300000, script: 30000}, unhandledPromptBehavior: dismiss and notify, webauthn:extension:credBlob: true, webauthn:extension:largeBlob: true, webauthn:virtualAuthenticators: true}
Session ID: 9dc4bbd80c59ef94e7c85e94e4fe8dd5">
      <![CDATA[org.openqa.selenium.UnhandledAlertException: unexpected alert open: {Alert text : Organization Name Already Exists!}
  (Session info: chrome=100.0.4896.75): Organization Name Already Exists!
Build info: version: '4.1.2', revision: '9a5a329c5a'
System info: host: 'AMAR', ip: '192.168.60.196', os.name: 'Windows 8.1', os.arch: 'amd64', os.version: '6.3', java.version: '1.8.0_172'
Driver info: org.openqa.selenium.chrome.ChromeDriver
Command: [9dc4bbd80c59ef94e7c85e94e4fe8dd5, findElement {using=xpath, value=//a[text()='Organizations']}]
Capabilities {acceptInsecureCerts: false, browserName: chrome, browserVersion: 100.0.4896.75, chrome: {chromedriverVersion: 100.0.4896.60 (6a5d10861ce8..., userDataDir: C:\Users\AMAR-G\AppData\Loc...}, goog:chromeOptions: {debuggerAddress: localhost:58587}, javascriptEnabled: true, networkConnectionEnabled: false, pageLoadStrategy: normal, platform: WINDOWS, platformName: WINDOWS, proxy: Proxy(), se:cdp: ws://localhost:58587/devtoo..., se:cdpVersion: 100.0.4896.75, setWindowRect: true, strictFileInteractability: false, timeouts: {implicit: 0, pageLoad: 300000, script: 30000}, unhandledPromptBehavior: dismiss and notify, webauthn:extension:credBlob: true, webauthn:extension:largeBlob: true, webauthn:virtualAuthenticators: true}
Session ID: 9dc4bbd80c59ef94e7c85e94e4fe8dd5
at org.openqa.selenium.remote.codec.w3c.W3CHttpResponseCodec.decode(W3CHttpResponseCodec.java:131)
at org.openqa.selenium.remote.codec.w3c.W3CHttpResponseCodec.decode(W3CHttpResponseCodec.java:53)
at org.openqa.selenium.remote.HttpCommandExecutor.execute(HttpCommandExecutor.java:184)
at org.openqa.selenium.remote.service.DriverCommandExecutor.invokeExecute(DriverCommandExecutor.java:167)
at org.openqa.selenium.remote.service.DriverCommandExecutor.execute(DriverCommandExecutor.java:142)
at org.openqa.selenium.remote.RemoteWebDriver.execute(RemoteWebDriver.java:558)
at org.openqa.selenium.remote.ElementLocation$ElementFinder$2.findElement(ElementLocation.java:162)
at org.openqa.selenium.remote.ElementLocation.findElement(ElementLocation.java:60)
at org.openqa.selenium.remote.RemoteWebDriver.findElement(RemoteWebDriver.java:382)
at org.openqa.selenium.remote.RemoteWebDriver.findElement(RemoteWebDriver.java:374)
at org.openqa.selenium.support.pagefactory.DefaultElementLocator.findElement(DefaultElementLocator.java:70)
at org.openqa.selenium.support.pagefactory.internal.LocatingElementHandler.invoke(LocatingElementHandler.java:39)
at com.sun.proxy.$Proxy19.click(Unknown Source)
at com.VTiger.TC.TC002_CreateOrgTest.createorgTest(TC002_CreateOrgTest.java:34)
at java.util.ArrayList.forEach(ArrayList.java:1257)
... Removed 27 stack frames]]>
    </failure>
  </testcase> <!-- createorgTest -->
  <testcase name="createorgwithmobilenoTest" time="21.368" classname="com.VTiger.TC.TC002_CreateOrgTest">
    <failure type="java.lang.AssertionError" message="expected [Telecommunications] but found [SONY_TYSS25]">
      <![CDATA[java.lang.AssertionError: expected [Telecommunications] but found [SONY_TYSS25]
at com.VTiger.TC.TC002_CreateOrgTest.createorgwithmobilenoTest(TC002_CreateOrgTest.java:67)
at java.util.ArrayList.forEach(ArrayList.java:1257)
... Removed 32 stack frames]]>
    </failure>
  </testcase> <!-- createorgwithmobilenoTest -->
  <testcase name="createcontactTest" time="28.789" classname="com.VTiger.TC.TC003_ContactWithOrgTest"/>
  <testcase name="createcontactwithorgTest" time="34.166" classname="com.VTiger.TC.TC003_ContactWithOrgTest"/>
  <testcase name="createorgwithDDTest" time="26.208" classname="com.VTiger.TC.TC001_CreateOrgWithDDTest"/>
  <testcase name="deleteOrgTest" time="27.859" classname="com.VTiger.TC.TC001_CreateOrgWithDDTest"/>
  <testcase name="@BeforeSuite beforesuite" time="0.0" classname="com.generic.BaseClass">
    <ignored/>
  </testcase> <!-- @BeforeSuite beforesuite -->
  <testcase name="@BeforeSuite beforesuite" time="0.0" classname="com.generic.BaseClass">
    <ignored/>
  </testcase> <!-- @BeforeSuite beforesuite -->
  <testcase name="@AfterSuite afterSuite" time="0.0" classname="com.generic.BaseClass">
    <ignored/>
  </testcase> <!-- @AfterSuite afterSuite -->
  <testcase name="@AfterSuite afterSuite" time="0.0" classname="com.generic.BaseClass">
    <ignored/>
  </testcase> <!-- @AfterSuite afterSuite -->
</testsuite> <!-- Test -->
