<?xml version="1.0" encoding="UTF-8"?>
<!-- Generated by org.testng.reporters.JUnitXMLReporter -->
<testsuite hostname="Amar" ignored="1" name="Test(failed)" tests="1" failures="0" timestamp="2022-04-08T15:43:36 IST" time="44.139" errors="0">
  <testcase name="createorgwithmobilenoTest" time="44.02" classname="com.VTiger.TC.TC002_CreateOrgTest"/>
  <testcase name="createorgTest" time="0.0" classname="com.VTiger.TC.TC002_CreateOrgTest">
    <ignored/>
  </testcase> <!-- createorgTest -->
</testsuite> <!-- Test(failed) -->
