<?xml version="1.0" encoding="UTF-8"?>
<testng-results skipped="0" failed="0" ignored="0" total="1" passed="1">
  <reporter-output>
  </reporter-output>
  <suite name="Default suite" duration-ms="117497" started-at="2022-04-07T17:42:51 IST" finished-at="2022-04-07T17:44:48 IST">
    <groups>
    </groups>
    <test name="Default test" duration-ms="117497" started-at="2022-04-07T17:42:51 IST" finished-at="2022-04-07T17:44:48 IST">
      <class name="com.VTiger.TC.TC003_ContactWithOrg">
        <test-method status="PASS" signature="createcontactwithorg()[pri:0, instance:com.VTiger.TC.TC003_ContactWithOrg@27f723]" name="createcontactwithorg" duration-ms="117301" started-at="2022-04-07T17:42:51 IST" finished-at="2022-04-07T17:44:48 IST">
          <reporter-output>
          </reporter-output>
        </test-method> <!-- createcontactwithorg -->
      </class> <!-- com.VTiger.TC.TC003_ContactWithOrg -->
    </test> <!-- Default test -->
  </suite> <!-- Default suite -->
</testng-results>
